d:\project\mindreader\uicontrol\win32\debug\uilabel.obj
d:\project\mindreader\uicontrol\win32\debug\moc_uidialog.obj
d:\project\mindreader\uicontrol\win32\debug\qimagetextwidget.obj
d:\project\mindreader\uicontrol\win32\debug\moc_uilabel.obj
d:\project\mindreader\uicontrol\win32\debug\uicontrol.obj
d:\project\mindreader\uicontrol\win32\debug\uitextwidget.obj
d:\project\mindreader\uicontrol\win32\debug\uiflowlayout.obj
d:\project\mindreader\uicontrol\win32\debug\qimagetextitem.obj
d:\project\mindreader\uicontrol\win32\debug\uiwidget.obj
d:\project\mindreader\uicontrol\win32\debug\qiconbutton.obj
d:\project\mindreader\uicontrol\win32\debug\moc_uiwidget.obj
d:\project\mindreader\uicontrol\win32\debug\uidialog.obj
d:\project\mindreader\uicontrol\win32\debug\moc_uitextwidget.obj
d:\project\mindreader\uicontrol\win32\debug\moc_qimagetextwidget.obj
d:\project\mindreader\uicontrol\win32\debug\vc140.pdb
d:\project\mindreader\uicontrol\win32\debug\moc_uitextedit.obj
d:\project\mindreader\uicontrol\win32\debug\uitextedit.obj
d:\project\mindreader\uicontrol\debug\moc_predefs.h
d:\project\mindreader\uicontrol\generatedfiles\ui_uitextwidget.h
d:\project\mindreader\uicontrol\generatedfiles\debug\moc_uitextedit.cpp
d:\project\mindreader\debug\uicontrol.ilk
d:\project\mindreader\debug\uicontrol.dll
d:\project\mindreader\debug\uicontrol.pdb
d:\project\mindreader\uicontrol\.\generatedfiles\debug\moc_qimagetextwidget.cpp
d:\project\mindreader\uicontrol\.\generatedfiles\debug\moc_uidialog.cpp
d:\project\mindreader\uicontrol\.\generatedfiles\debug\moc_uilabel.cpp
d:\project\mindreader\uicontrol\.\generatedfiles\debug\moc_uiwidget.cpp
d:\project\mindreader\uicontrol\.\generatedfiles\ui_qimagetextwidget.h
d:\project\mindreader\uicontrol\generatedfiles\debug\moc_qimagetextwidget.cpp
d:\project\mindreader\uicontrol\generatedfiles\debug\moc_uidialog.cpp
d:\project\mindreader\uicontrol\generatedfiles\debug\moc_uilabel.cpp
d:\project\mindreader\uicontrol\generatedfiles\debug\moc_uiwidget.cpp
d:\project\mindreader\uicontrol\generatedfiles\ui_qimagetextwidget.h
d:\project\mindreader\debug\uicontrol.lib
d:\project\mindreader\debug\uicontrol.exp
d:\project\mindreader\uicontrol\..\debug\uicontrol.dll
d:\project\mindreader\uicontrol\win32\debug\uicontrol.tlog\cl.command.1.tlog
d:\project\mindreader\uicontrol\win32\debug\uicontrol.tlog\cl.read.1.tlog
d:\project\mindreader\uicontrol\win32\debug\uicontrol.tlog\cl.write.1.tlog
d:\project\mindreader\uicontrol\win32\debug\uicontrol.tlog\custombuild.command.1.tlog
d:\project\mindreader\uicontrol\win32\debug\uicontrol.tlog\custombuild.read.1.tlog
d:\project\mindreader\uicontrol\win32\debug\uicontrol.tlog\custombuild.write.1.tlog
d:\project\mindreader\uicontrol\win32\debug\uicontrol.tlog\link.command.1.tlog
d:\project\mindreader\uicontrol\win32\debug\uicontrol.tlog\link.read.1.tlog
d:\project\mindreader\uicontrol\win32\debug\uicontrol.tlog\link.write.1.tlog
d:\project\mindreader\uicontrol\win32\debug\uicontrol.tlog\qtmoc.read.1u.tlog
d:\project\mindreader\uicontrol\win32\debug\uicontrol.tlog\qtmoc.write.1u.tlog
d:\project\mindreader\uicontrol\win32\debug\uicontrol.tlog\qtuic.read.1u.tlog
d:\project\mindreader\uicontrol\win32\debug\uicontrol.tlog\qtuic.write.1u.tlog
d:\project\mindreader\uicontrol\win32\debug\uicontrol.tlog\uicontrol.write.1u.tlog
