d:\project\mindreader\mrmindmap\win32\debug\moc_mrtextitem.obj
d:\project\mindreader\mrmindmap\win32\debug\mritemconnector.obj
d:\project\mindreader\mrmindmap\win32\debug\moc_mritemconnector.obj
d:\project\mindreader\mrmindmap\win32\debug\mrtextitem.obj
d:\project\mindreader\mrmindmap\win32\debug\mrmapview.obj
d:\project\mindreader\mrmindmap\win32\debug\mrmindmap.obj
d:\project\mindreader\mrmindmap\win32\debug\moc_mrmapview.obj
d:\project\mindreader\mrmindmap\win32\debug\vc140.pdb
d:\project\mindreader\mrmindmap\generatedfiles\debug\moc_mritemconnector.cpp
d:\project\mindreader\mrmindmap\generatedfiles\debug\moc_mrtextitem.cpp
d:\project\mindreader\mrmindmap\debug\moc_predefs.h
d:\project\mindreader\mrmindmap\generatedfiles\debug\moc_mrmapview.cpp
d:\project\mindreader\debug\mrmindmap.ilk
d:\project\mindreader\debug\mrmindmap.dll
d:\project\mindreader\debug\mrmindmap.pdb
d:\project\mindreader\debug\mrmindmap.lib
d:\project\mindreader\debug\mrmindmap.exp
d:\project\mindreader\mrmindmap\..\debug\mrmindmap.dll
d:\project\mindreader\mrmindmap\win32\debug\mrmindmap.tlog\cl.command.1.tlog
d:\project\mindreader\mrmindmap\win32\debug\mrmindmap.tlog\cl.read.1.tlog
d:\project\mindreader\mrmindmap\win32\debug\mrmindmap.tlog\cl.write.1.tlog
d:\project\mindreader\mrmindmap\win32\debug\mrmindmap.tlog\custombuild.command.1.tlog
d:\project\mindreader\mrmindmap\win32\debug\mrmindmap.tlog\custombuild.read.1.tlog
d:\project\mindreader\mrmindmap\win32\debug\mrmindmap.tlog\custombuild.write.1.tlog
d:\project\mindreader\mrmindmap\win32\debug\mrmindmap.tlog\link.command.1.tlog
d:\project\mindreader\mrmindmap\win32\debug\mrmindmap.tlog\link.read.1.tlog
d:\project\mindreader\mrmindmap\win32\debug\mrmindmap.tlog\link.write.1.tlog
d:\project\mindreader\mrmindmap\win32\debug\mrmindmap.tlog\mrmindmap.write.1u.tlog
