d:\project\mindreader\mrengine\win32\debug\mrengine.obj
d:\project\mindreader\mrengine\win32\debug\mrpage.obj
d:\project\mindreader\mrengine\win32\debug\mrdocument.obj
d:\project\mindreader\mrengine\win32\debug\mrhighlightannotation.obj
d:\project\mindreader\mrengine\win32\debug\mrcontext.obj
d:\project\mindreader\mrengine\win32\debug\mrannotationcreator.obj
d:\project\mindreader\mrengine\win32\debug\pdfutil.obj
d:\project\mindreader\mrengine\win32\debug\mrsquareannotation.obj
d:\project\mindreader\mrengine\win32\debug\mrannotation.obj
d:\project\mindreader\mrengine\win32\debug\mrtextannotation.obj
d:\project\mindreader\mrengine\win32\debug\mrlineannotation.obj
d:\project\mindreader\mrengine\win32\debug\vc140.pdb
d:\project\mindreader\mrengine\debug\moc_predefs.h
d:\project\mindreader\debug\mrengine.ilk
d:\project\mindreader\debug\mrengine.dll
d:\project\mindreader\debug\mrengine.pdb
d:\project\mindreader\debug\mrengine.lib
d:\project\mindreader\debug\mrengine.exp
d:\project\mindreader\mrengine\..\debug\mrengine.dll
d:\project\mindreader\mrengine\win32\debug\mrengine.tlog\cl.command.1.tlog
d:\project\mindreader\mrengine\win32\debug\mrengine.tlog\cl.read.1.tlog
d:\project\mindreader\mrengine\win32\debug\mrengine.tlog\cl.write.1.tlog
d:\project\mindreader\mrengine\win32\debug\mrengine.tlog\custombuild.command.1.tlog
d:\project\mindreader\mrengine\win32\debug\mrengine.tlog\custombuild.read.1.tlog
d:\project\mindreader\mrengine\win32\debug\mrengine.tlog\custombuild.write.1.tlog
d:\project\mindreader\mrengine\win32\debug\mrengine.tlog\link.command.1.tlog
d:\project\mindreader\mrengine\win32\debug\mrengine.tlog\link.read.1.tlog
d:\project\mindreader\mrengine\win32\debug\mrengine.tlog\link.write.1.tlog
d:\project\mindreader\mrengine\win32\debug\mrengine.tlog\mrengine.write.1u.tlog
