d:\project\mindreader\window\win32\debug\articleitem.obj
d:\project\mindreader\window\win32\debug\mrarticlescanner.obj
d:\project\mindreader\window\win32\debug\mrocrrecognizer.obj
d:\project\mindreader\window\win32\debug\moc_mrarticledisplayer.obj
d:\project\mindreader\window\win32\debug\moc_mrmessagebox.obj
d:\project\mindreader\window\win32\debug\moc_notecard.obj
d:\project\mindreader\window\win32\debug\mrarticleloader.obj
d:\project\mindreader\window\win32\debug\mrlibrary.obj
d:\project\mindreader\window\win32\debug\widgetinterface.obj
d:\project\mindreader\window\win32\debug\window.obj
d:\project\mindreader\window\win32\debug\moc_articleitem.obj
d:\project\mindreader\window\win32\debug\moc_mrarticlescanner.obj
d:\project\mindreader\window\win32\debug\moc_mrseriespagedisplayer.obj
d:\project\mindreader\window\win32\debug\articledisplayercontroller.obj
d:\project\mindreader\window\win32\debug\mrcursor.obj
d:\project\mindreader\window\win32\debug\mrlibrarytree.obj
d:\project\mindreader\window\win32\debug\mrworkdirsettingwindow.obj
d:\project\mindreader\window\win32\debug\moc_articlepagerender.obj
d:\project\mindreader\window\win32\debug\moc_mrlibrarytree.obj
d:\project\mindreader\window\win32\debug\moc_mrworkdirsettingwindow.obj
d:\project\mindreader\window\win32\debug\mrarticlepagedisplayer.obj
d:\project\mindreader\window\win32\debug\mrmessagebox.obj
d:\project\mindreader\window\win32\debug\mrwindowutility.obj
d:\project\mindreader\window\win32\debug\notedisplayer.obj
d:\project\mindreader\window\win32\debug\moc_mrarticlepagedisplayer.obj
d:\project\mindreader\window\win32\debug\moc_mrlibrarytoolbar.obj
d:\project\mindreader\window\win32\debug\moc_mrsinglepagedisplayer.obj
d:\project\mindreader\window\win32\debug\mrarticleitem.obj
d:\project\mindreader\window\win32\debug\mrarticleshelf.obj
d:\project\mindreader\window\win32\debug\mrseriespagedisplayer.obj
d:\project\mindreader\window\win32\debug\moc_mrarticleitem.obj
d:\project\mindreader\window\win32\debug\moc_mrlibrary.obj
d:\project\mindreader\window\win32\debug\moc_readerwithnote.obj
d:\project\mindreader\window\win32\debug\articlepagerender.obj
d:\project\mindreader\window\win32\debug\mrlibrarytoolbar.obj
d:\project\mindreader\window\win32\debug\mrpageannotationhelper.obj
d:\project\mindreader\window\win32\debug\mrsinglepagedisplayer.obj
d:\project\mindreader\window\win32\debug\moc_mrarticlereader.obj
d:\project\mindreader\window\win32\debug\moc_mrmainwindow.obj
d:\project\mindreader\window\win32\debug\mrarticledisplayer.obj
d:\project\mindreader\window\win32\debug\mrmainwindow.obj
d:\project\mindreader\window\win32\debug\moc_articledisplayercontroller.obj
d:\project\mindreader\window\win32\debug\moc_mrarticleshelf.obj
d:\project\mindreader\window\win32\debug\moc_mrocrrecognizer.obj
d:\project\mindreader\window\win32\debug\mrarticlepagepainter.obj
d:\project\mindreader\window\win32\debug\mrarticlereader.obj
d:\project\mindreader\window\win32\debug\mrreadertoolbar.obj
d:\project\mindreader\window\win32\debug\readerwithnote.obj
d:\project\mindreader\window\win32\debug\moc_mrarticleloader.obj
d:\project\mindreader\window\win32\debug\moc_mrreadertoolbar.obj
d:\project\mindreader\window\win32\debug\moc_notedisplayer.obj
d:\project\mindreader\window\win32\debug\vc140.pdb
d:\project\mindreader\window\win32\debug\notecard.obj
d:\project\mindreader\window\win32\debug\moc_mrarticlecanvas.obj
d:\project\mindreader\window\win32\debug\mrarticlecanvas.obj
d:\project\mindreader\window\debug\moc_predefs.h
d:\project\mindreader\window\generatedfiles\debug\moc_notecard.cpp
d:\project\mindreader\debug\window.ilk
d:\project\mindreader\debug\window.dll
d:\project\mindreader\debug\window.pdb
d:\project\mindreader\window\.\generatedfiles\debug\moc_articledisplayercontroller.cpp
d:\project\mindreader\window\.\generatedfiles\debug\moc_articleitem.cpp
d:\project\mindreader\window\.\generatedfiles\debug\moc_articlepagerender.cpp
d:\project\mindreader\window\.\generatedfiles\debug\moc_mrarticlecanvas.cpp
d:\project\mindreader\window\.\generatedfiles\debug\moc_mrarticleitem.cpp
d:\project\mindreader\window\.\generatedfiles\debug\moc_mrarticleloader.cpp
d:\project\mindreader\window\.\generatedfiles\debug\moc_mrarticlepagedisplayer.cpp
d:\project\mindreader\window\.\generatedfiles\debug\moc_mrarticlereader.cpp
d:\project\mindreader\window\.\generatedfiles\debug\moc_mrarticlescanner.cpp
d:\project\mindreader\window\.\generatedfiles\debug\moc_mrarticleshelf.cpp
d:\project\mindreader\window\.\generatedfiles\debug\moc_mrlibrary.cpp
d:\project\mindreader\window\.\generatedfiles\debug\moc_mrlibrarytoolbar.cpp
d:\project\mindreader\window\.\generatedfiles\debug\moc_mrlibrarytree.cpp
d:\project\mindreader\window\.\generatedfiles\debug\moc_mrmainwindow.cpp
d:\project\mindreader\window\.\generatedfiles\debug\moc_mrmessagebox.cpp
d:\project\mindreader\window\.\generatedfiles\debug\moc_mrocrrecognizer.cpp
d:\project\mindreader\window\.\generatedfiles\debug\moc_mrreadertoolbar.cpp
d:\project\mindreader\window\.\generatedfiles\debug\moc_mrseriespagedisplayer.cpp
d:\project\mindreader\window\.\generatedfiles\debug\moc_mrsinglepagedisplayer.cpp
d:\project\mindreader\window\.\generatedfiles\debug\moc_mrworkdirsettingwindow.cpp
d:\project\mindreader\window\.\generatedfiles\debug\moc_notedisplayer.cpp
d:\project\mindreader\window\.\generatedfiles\debug\moc_readerwithnote.cpp
d:\project\mindreader\window\.\generatedfiles\ui_articledisplayercontroller.h
d:\project\mindreader\window\.\generatedfiles\ui_mrarticleitem.h
d:\project\mindreader\window\.\generatedfiles\ui_mrlibrarytoolbar.h
d:\project\mindreader\window\.\generatedfiles\ui_mrlibrarytree.h
d:\project\mindreader\window\.\generatedfiles\ui_mrmainwindow.h
d:\project\mindreader\window\.\generatedfiles\ui_mrmessagebox.h
d:\project\mindreader\window\.\generatedfiles\ui_mrreadertoolbar.h
d:\project\mindreader\window\.\generatedfiles\ui_mrworkdirsettingwindow.h
d:\project\mindreader\window\.\generatedfiles\ui_notecard.h
d:\project\mindreader\window\generatedfiles\debug\moc_articledisplayercontroller.cpp
d:\project\mindreader\window\generatedfiles\debug\moc_articleitem.cpp
d:\project\mindreader\window\generatedfiles\debug\moc_articlepagerender.cpp
d:\project\mindreader\window\generatedfiles\debug\moc_mrarticledisplayer.cpp
d:\project\mindreader\window\generatedfiles\debug\moc_mrarticleitem.cpp
d:\project\mindreader\window\generatedfiles\debug\moc_mrarticleloader.cpp
d:\project\mindreader\window\generatedfiles\debug\moc_mrarticlepagedisplayer.cpp
d:\project\mindreader\window\generatedfiles\debug\moc_mrarticlereader.cpp
d:\project\mindreader\window\generatedfiles\debug\moc_mrarticlescanner.cpp
d:\project\mindreader\window\generatedfiles\debug\moc_mrarticleshelf.cpp
d:\project\mindreader\window\generatedfiles\debug\moc_mrlibrary.cpp
d:\project\mindreader\window\generatedfiles\debug\moc_mrlibrarytoolbar.cpp
d:\project\mindreader\window\generatedfiles\debug\moc_mrlibrarytree.cpp
d:\project\mindreader\window\generatedfiles\debug\moc_mrmainwindow.cpp
d:\project\mindreader\window\generatedfiles\debug\moc_mrmessagebox.cpp
d:\project\mindreader\window\generatedfiles\debug\moc_mrocrrecognizer.cpp
d:\project\mindreader\window\generatedfiles\debug\moc_mrreadertoolbar.cpp
d:\project\mindreader\window\generatedfiles\debug\moc_mrseriespagedisplayer.cpp
d:\project\mindreader\window\generatedfiles\debug\moc_mrsinglepagedisplayer.cpp
d:\project\mindreader\window\generatedfiles\debug\moc_mrworkdirsettingwindow.cpp
d:\project\mindreader\window\generatedfiles\debug\moc_notedisplayer.cpp
d:\project\mindreader\window\generatedfiles\debug\moc_readerwithnote.cpp
d:\project\mindreader\window\generatedfiles\ui_articledisplayercontroller.h
d:\project\mindreader\window\generatedfiles\ui_mrarticleitem.h
d:\project\mindreader\window\generatedfiles\ui_mrlibrarytoolbar.h
d:\project\mindreader\window\generatedfiles\ui_mrlibrarytree.h
d:\project\mindreader\window\generatedfiles\ui_mrmainwindow.h
d:\project\mindreader\window\generatedfiles\ui_mrmessagebox.h
d:\project\mindreader\window\generatedfiles\ui_mrreadertoolbar.h
d:\project\mindreader\window\generatedfiles\ui_mrworkdirsettingwindow.h
d:\project\mindreader\window\generatedfiles\ui_notecard.h
d:\project\mindreader\debug\window.lib
d:\project\mindreader\debug\window.exp
d:\project\mindreader\window\generatedfiles\debug\moc_mrarticlecanvas.cpp
d:\project\mindreader\window\..\debug\window.dll
d:\project\mindreader\window\win32\debug\window.tlog\cl.command.1.tlog
d:\project\mindreader\window\win32\debug\window.tlog\cl.read.1.tlog
d:\project\mindreader\window\win32\debug\window.tlog\cl.write.1.tlog
d:\project\mindreader\window\win32\debug\window.tlog\custombuild.command.1.tlog
d:\project\mindreader\window\win32\debug\window.tlog\custombuild.read.1.tlog
d:\project\mindreader\window\win32\debug\window.tlog\custombuild.write.1.tlog
d:\project\mindreader\window\win32\debug\window.tlog\link.command.1.tlog
d:\project\mindreader\window\win32\debug\window.tlog\link.read.1.tlog
d:\project\mindreader\window\win32\debug\window.tlog\link.write.1.tlog
d:\project\mindreader\window\win32\debug\window.tlog\qtmoc.read.1u.tlog
d:\project\mindreader\window\win32\debug\window.tlog\qtmoc.write.1u.tlog
d:\project\mindreader\window\win32\debug\window.tlog\qtuic.read.1u.tlog
d:\project\mindreader\window\win32\debug\window.tlog\qtuic.write.1u.tlog
d:\project\mindreader\window\win32\debug\window.tlog\window.write.1u.tlog
