生成启动时间为 2018/11/19 16:38:56。
     1>项目“D:\Project\MindReader\MRData\MRData.vcxproj”在节点 5 上(Build 个目标)。
     1>C:\Program Files (x86)\MSBuild\Microsoft.Cpp\v4.0\V140\Microsoft.CppBuild.targets(368,5): warning MSB8004: Output Directory does not end with a trailing slash.  This build instance will add the slash as it is required to allow proper evaluation of the Output Directory.
     1>CustomBuild:
         Generate moc_predefs.h
       ClCompile:
         C:\Program Files (x86)\Microsoft Visual Studio 14.0\VC\bin\CL.exe /c /I.\GeneratedFiles\Debug /I.\GeneratedFiles /I. /I"C:\Program Files (x86)\Windows Kits\10\Include\10.0.10150.0\ucrt" /I..\..\..\lib\odb\include /IC:\Qt\5.12.0\msvc2015\include /IC:\Qt\5.12.0\msvc2015\include\QtCore /Idebug /I"C:\Qt\5.12.0\msvc2015\mkspecs\win32-msvc" /Zi /nologo /W3 /WX- /MP /Od /Oy- /D _WINDOWS /D UNICODE /D _UNICODE /D WIN32 /D _ENABLE_EXTENDED_ALIGNED_STORAGE /D MRDATA_LIBRARY /D QT_DEPRECATED_WARNINGS /D QT_CORE_LIB /D _WINDLL /Gm- /EHsc /MDd /GS /fp:precise /Zc:wchar_t /Zc:forScope /Zc:inline /Fo"Win32\Debug\\" /Fd"Win32\Debug\vc140.pdb" /Gd /TP /wd4577 /wd4467 /analyze- /errorReport:prompt -Zc:rvalueCast -Zc:inline -Zc:strictStrings -Zc:throwingNew -w34100 -w34189 -w44996 -w44456 -w44457 -w44458 ORMHelper.cpp mrarticledata.cpp "mrarticlemetadata-odb.cxx" mrarticlemetadata.cpp mrdata.cpp "mrnotedata-odb.cxx" mrnotedata.cpp
         ORMHelper.cpp
         mrarticledata.cpp
         mrarticlemetadata-odb.cxx
         mrarticlemetadata.cpp
         mrdata.cpp
         mrnotedata-odb.cxx
         mrnotedata.cpp
     1>d:\project\mindreader\mrdata\mrarticlemetadata.h(6): warning C4068: 未知的杂注 (编译源文件 mrarticlemetadata.cpp)
     1>d:\project\mindreader\mrdata\mrarticlemetadata.h(14): warning C4068: 未知的杂注 (编译源文件 mrarticlemetadata.cpp)
     1>d:\project\mindreader\mrdata\mrarticlemetadata.h(18): warning C4068: 未知的杂注 (编译源文件 mrarticlemetadata.cpp)
     1>d:\project\mindreader\mrdata\mrarticlemetadata.h(6): warning C4068: 未知的杂注 (编译源文件 mrnotedata.cpp)
     1>d:\project\mindreader\mrdata\mrarticlemetadata.h(14): warning C4068: 未知的杂注 (编译源文件 mrnotedata.cpp)
     1>d:\project\mindreader\mrdata\mrarticlemetadata.h(18): warning C4068: 未知的杂注 (编译源文件 mrnotedata.cpp)
     1>d:\project\mindreader\mrdata\mrnotedata.h(11): warning C4068: 未知的杂注 (编译源文件 mrnotedata.cpp)
     1>d:\project\mindreader\mrdata\mrnotedata.h(19): warning C4068: 未知的杂注 (编译源文件 mrnotedata.cpp)
     1>d:\project\mindreader\mrdata\mrnotedata.h(26): warning C4068: 未知的杂注 (编译源文件 mrnotedata.cpp)
     1>ORMHelper.cpp(31): warning C4100: “port”: 未引用的形参
     1>ORMHelper.cpp(31): warning C4100: “host”: 未引用的形参
     1>ORMHelper.cpp(31): warning C4100: “db”: 未引用的形参
     1>ORMHelper.cpp(31): warning C4100: “password”: 未引用的形参
     1>ORMHelper.cpp(31): warning C4100: “user”: 未引用的形参
     1>ORMHelper.cpp(40): warning C4101: “e”: 未引用的局部变量
       Link:
         C:\Program Files (x86)\Microsoft Visual Studio 14.0\VC\bin\link.exe /ERRORREPORT:PROMPT /OUT:"..\debug\\MRData.dll" /NOLOGO /LIBPATH:C:\Qt\5.12.0\msvc2015\lib /LIBPATH:C:\Qt\5.12.0\msvc2015\lib "C:\Program Files (x86)\Windows Kits\10\Lib\10.0.10150.0\ucrt\x86\ucrtd.lib" "D:\lib\odb\lib\odb-d.lib" "D:\lib\odb\lib\odb-sqlite-d.lib" C:\Qt\5.12.0\msvc2015\lib\Qt5Cored.lib kernel32.lib user32.lib gdi32.lib winspool.lib comdlg32.lib advapi32.lib shell32.lib ole32.lib oleaut32.lib uuid.lib odbc32.lib odbccp32.lib /MANIFEST /MANIFESTUAC:"level='asInvoker' uiAccess='false'" /manifest:embed /Debug /PDB:"..\debug\MRData.pdb" /SUBSYSTEM:WINDOWS /TLBID:1 /DYNAMICBASE /NXCOMPAT /MACHINE:X86 /SAFESEH /DLL Win32\Debug\ORMHelper.obj
         Win32\Debug\mrarticledata.obj
         "Win32\Debug\mrarticlemetadata-odb.obj"
         Win32\Debug\mrarticlemetadata.obj
         Win32\Debug\mrdata.obj
         "Win32\Debug\mrnotedata-odb.obj"
         Win32\Debug\mrnotedata.obj
           正在创建库 ..\debug\\MRData.lib 和对象 ..\debug\\MRData.exp
         MRData.vcxproj -> D:\Project\MindReader\MRData\..\debug\MRData.dll
     1>已完成生成项目“D:\Project\MindReader\MRData\MRData.vcxproj”(Build 个目标)的操作。

已成功生成。

已用时间 00:00:16.41
