d:\project\mindreader\mrdata\win32\debug\mrnotedata.obj
d:\project\mindreader\mrdata\win32\debug\ormhelper.obj
d:\project\mindreader\mrdata\win32\debug\mrdata.obj
d:\project\mindreader\mrdata\win32\debug\mrnotedata-odb.obj
d:\project\mindreader\mrdata\win32\debug\mrarticlemetadata.obj
d:\project\mindreader\mrdata\win32\debug\mrarticledata.obj
d:\project\mindreader\mrdata\win32\debug\mrarticlemetadata-odb.obj
d:\project\mindreader\mrdata\win32\debug\vc140.pdb
d:\project\mindreader\mrdata\debug\moc_predefs.h
d:\project\mindreader\debug\mrdata.ilk
d:\project\mindreader\debug\mrdata.dll
d:\project\mindreader\debug\mrdata.pdb
d:\project\mindreader\debug\mrdata.lib
d:\project\mindreader\debug\mrdata.exp
d:\project\mindreader\mrdata\..\debug\mrdata.dll
d:\project\mindreader\mrdata\win32\debug\mrdata.tlog\cl.command.1.tlog
d:\project\mindreader\mrdata\win32\debug\mrdata.tlog\cl.read.1.tlog
d:\project\mindreader\mrdata\win32\debug\mrdata.tlog\cl.write.1.tlog
d:\project\mindreader\mrdata\win32\debug\mrdata.tlog\custombuild.command.1.tlog
d:\project\mindreader\mrdata\win32\debug\mrdata.tlog\custombuild.read.1.tlog
d:\project\mindreader\mrdata\win32\debug\mrdata.tlog\custombuild.write.1.tlog
d:\project\mindreader\mrdata\win32\debug\mrdata.tlog\link.command.1.tlog
d:\project\mindreader\mrdata\win32\debug\mrdata.tlog\link.read.1.tlog
d:\project\mindreader\mrdata\win32\debug\mrdata.tlog\link.write.1.tlog
d:\project\mindreader\mrdata\win32\debug\mrdata.tlog\mrdata.write.1u.tlog
