d:\project\mindreader\mindreader\win32\debug\qrc_resource.obj
d:\project\mindreader\mindreader\win32\debug\main.obj
d:\project\mindreader\mindreader\win32\debug\vc140.pdb
d:\project\mindreader\mindreader\debug\moc_predefs.h
d:\project\mindreader\debug\mindreader.ilk
d:\project\mindreader\debug\mindreader.exe
d:\project\mindreader\debug\mindreader.pdb
d:\project\mindreader\mindreader\generatedfiles\qrc_resource.cpp
d:\project\mindreader\debug\mindreader.lib
d:\project\mindreader\debug\mindreader.exp
d:\project\mindreader\mindreader\.\generatedfiles\qrc_resource.cpp
d:\project\mindreader\mindreader\..\debug\mindreader.exe
d:\project\mindreader\mindreader\win32\debug\mindreader.tlog\cl.command.1.tlog
d:\project\mindreader\mindreader\win32\debug\mindreader.tlog\cl.read.1.tlog
d:\project\mindreader\mindreader\win32\debug\mindreader.tlog\cl.write.1.tlog
d:\project\mindreader\mindreader\win32\debug\mindreader.tlog\custombuild.command.1.tlog
d:\project\mindreader\mindreader\win32\debug\mindreader.tlog\custombuild.read.1.tlog
d:\project\mindreader\mindreader\win32\debug\mindreader.tlog\custombuild.write.1.tlog
d:\project\mindreader\mindreader\win32\debug\mindreader.tlog\link.command.1.tlog
d:\project\mindreader\mindreader\win32\debug\mindreader.tlog\link.read.1.tlog
d:\project\mindreader\mindreader\win32\debug\mindreader.tlog\link.write.1.tlog
d:\project\mindreader\mindreader\win32\debug\mindreader.tlog\mindreader.write.1u.tlog
d:\project\mindreader\mindreader\win32\debug\mindreader.tlog\qtrcc.read.1u.tlog
d:\project\mindreader\mindreader\win32\debug\mindreader.tlog\qtrcc.write.1u.tlog
