d:\project\mindreader\utility\win32\debug\utility.obj
d:\project\mindreader\utility\win32\debug\mrsettinghelper.obj
d:\project\mindreader\utility\win32\debug\mrsetting.obj
d:\project\mindreader\utility\win32\debug\vc140.pdb
d:\project\mindreader\utility\debug\moc_predefs.h
d:\project\mindreader\debug\utility.ilk
d:\project\mindreader\debug\utility.dll
d:\project\mindreader\debug\utility.pdb
d:\project\mindreader\debug\utility.lib
d:\project\mindreader\debug\utility.exp
d:\project\mindreader\utility\..\debug\utility.dll
d:\project\mindreader\utility\win32\debug\utility.tlog\cl.command.1.tlog
d:\project\mindreader\utility\win32\debug\utility.tlog\cl.read.1.tlog
d:\project\mindreader\utility\win32\debug\utility.tlog\cl.write.1.tlog
d:\project\mindreader\utility\win32\debug\utility.tlog\custombuild.command.1.tlog
d:\project\mindreader\utility\win32\debug\utility.tlog\custombuild.read.1.tlog
d:\project\mindreader\utility\win32\debug\utility.tlog\custombuild.write.1.tlog
d:\project\mindreader\utility\win32\debug\utility.tlog\link.command.1.tlog
d:\project\mindreader\utility\win32\debug\utility.tlog\link.read.1.tlog
d:\project\mindreader\utility\win32\debug\utility.tlog\link.write.1.tlog
d:\project\mindreader\utility\win32\debug\utility.tlog\utility.write.1u.tlog
